<?xml version="1.0" encoding="UTF-8"?>
<!-- Generated by org.testng.reporters.JUnitReportReporter -->
<testsuite hostname="DESKTOP-POAP2BE" name="tests.HomePageTest" tests="2" failures="0" timestamp="28 Dec 2021 07:58:38 GMT" time="89.290" errors="0">
  <testcase name="validateMyEbayOptionList" time="52.093" classname="tests.HomePageTest"/>
  <testcase name="validatecartIcon" time="37.197" classname="tests.HomePageTest"/>
</testsuite> <!-- tests.HomePageTest -->
