<?xml version="1.0" encoding="UTF-8"?>
<!-- Generated by org.testng.reporters.JUnitReportReporter -->
<testsuite hostname="DESKTOP-POAP2BE" name="tests.Cart" tests="1" failures="0" timestamp="28 Dec 2021 07:58:38 GMT" time="101.400" errors="0">
  <testcase name="addProductToCart" time="101.400" classname="tests.Cart"/>
</testsuite> <!-- tests.Cart -->
